<?xml version="1.0" encoding="UTF-8"?>
<!-- Generated by org.testng.reporters.JUnitReportReporter -->
<testsuite skipped="0" hostname="FHLT0017" name="testsuite.MavenProject.TestModule1" tests="1" failures="0" timestamp="23 Sep 2019 06:09:05 GMT" time="0.018" errors="0">
  <testcase name="tc_Module1_01" time="0.018" classname="testsuite.MavenProject.TestModule1"/>
</testsuite> <!-- testsuite.MavenProject.TestModule1 -->
