<?xml version="1.0" encoding="UTF-8"?>
<!-- Generated by org.testng.reporters.JUnitReportReporter -->
<testsuite skipped="0" hostname="FHLT0017" name="testsuite.CreateVendors" tests="4" failures="0" timestamp="19 Sep 2019 09:36:55 GMT" time="43.789" errors="0">
  <testcase name="tc_CreateVendor_02" time="4.141" classname="testsuite.CreateVendors"/>
  <testcase name="tc_CreateVendor_02" time="4.247" classname="testsuite.CreateVendors"/>
  <testcase name="tc_CreateVendor_01" time="30.772" classname="testsuite.CreateVendors"/>
  <testcase name="tc_CreateVendor_02" time="4.629" classname="testsuite.CreateVendors"/>
</testsuite> <!-- testsuite.CreateVendors -->
