<?xml version="1.0" encoding="UTF-8"?>
<!-- Generated by org.testng.reporters.JUnitReportReporter -->
<testsuite hostname="FHLT0017" name="testsuite.TestModule2" tests="3" failures="0" timestamp="20 Sep 2019 04:19:18 GMT" time="0.000" errors="0">
  <testcase name="tc_Module2_01" time="0.000" classname="testsuite.TestModule2"/>
  <testcase name="tc_Module2_02" time="0.000" classname="testsuite.TestModule2"/>
  <testcase name="tc_Module2_03" time="0.000" classname="testsuite.TestModule2"/>
</testsuite> <!-- testsuite.TestModule2 -->
