<?xml version="1.0" encoding="UTF-8"?>
<!-- Generated by org.testng.reporters.JUnitReportReporter -->
<testsuite skipped="0" hostname="FHLT0017" name="testsuite.CreateVendorsTest" tests="4" failures="0" timestamp="19 Sep 2019 10:13:40 GMT" time="43.685" errors="0">
  <testcase name="tc_CreateVendor_02" time="4.299" classname="testsuite.CreateVendorsTest"/>
  <testcase name="tc_CreateVendor_02" time="4.143" classname="testsuite.CreateVendorsTest"/>
  <testcase name="tc_CreateVendor_01" time="30.980" classname="testsuite.CreateVendorsTest"/>
  <testcase name="tc_CreateVendor_02" time="4.263" classname="testsuite.CreateVendorsTest"/>
</testsuite> <!-- testsuite.CreateVendorsTest -->
