<?xml version="1.0" encoding="UTF-8"?>
<!-- Generated by org.testng.reporters.JUnitReportReporter -->
<testsuite hostname="FHLT0017" name="testsuite.LoginTest3" tests="3" failures="0" timestamp="18 Sep 2019 12:29:29 GMT" time="24.721" errors="0">
  <testcase name="tc_Login_02" time="6.154" classname="testsuite.LoginTest3"/>
  <testcase name="tc_Login_01" time="12.206" classname="testsuite.LoginTest3"/>
  <testcase name="tc_Login_02" time="6.361" classname="testsuite.LoginTest3"/>
</testsuite> <!-- testsuite.LoginTest3 -->
