<?xml version="1.0" encoding="UTF-8"?>
<!-- Generated by org.testng.reporters.JUnitReportReporter -->
<testsuite hostname="FHLT0017" name="testsuite.LoginTest" tests="5" failures="0" timestamp="18 Sep 2019 11:12:39 GMT" time="34.155" errors="0">
  <testcase name="tc_Login_02" time="4.747" classname="testsuite.LoginTest"/>
  <testcase name="tc_Login_01" time="10.986" classname="testsuite.LoginTest"/>
  <testcase name="tc_Login_02" time="5.901" classname="testsuite.LoginTest"/>
  <testcase name="tc_Login_02" time="7.907" classname="testsuite.LoginTest"/>
  <testcase name="tc_Login_02" time="4.614" classname="testsuite.LoginTest"/>
</testsuite> <!-- testsuite.LoginTest -->
