<?xml version="1.0" encoding="UTF-8"?>
<!-- Generated by org.testng.reporters.JUnitReportReporter -->
<testsuite hostname="FHLT0017" name="testsuite.TestModule1" tests="3" failures="0" timestamp="20 Sep 2019 04:19:18 GMT" time="0.037" errors="0">
  <testcase name="tc_Module1_02" time="0.015" classname="testsuite.TestModule1"/>
  <testcase name="tc_Module1_03" time="0.000" classname="testsuite.TestModule1"/>
  <testcase name="tc_Module1_01" time="0.022" classname="testsuite.TestModule1"/>
</testsuite> <!-- testsuite.TestModule1 -->
