<?xml version="1.0" encoding="UTF-8"?>
<!-- Generated by org.testng.reporters.JUnitXMLReporter -->
<testsuite hostname="FHLT0017" ignored="0" name="Test-1" tests="1" failures="0" timestamp="04 Sep 2019 07:08:30 GMT" time="0.038" errors="0">
  <testcase name="tc_Parallel_01" time="0.008" classname="testsuite.ParallelSuiteTest"/>
</testsuite> <!-- Test-1 -->
