<?xml version="1.0" encoding="UTF-8"?>
<!-- Generated by org.testng.reporters.JUnitReportReporter -->
<testsuite skipped="0" hostname="FHLT0017" name="dataproviders.DataProviderDemo3" tests="3" failures="0" timestamp="16 Sep 2019 05:50:47 GMT" time="8.620" errors="0">
  <testcase name="tc_Login_01" time="3.061" classname="dataproviders.DataProviderDemo3"/>
  <testcase name="tc_Login_01" time="2.819" classname="dataproviders.DataProviderDemo3"/>
  <testcase name="tc_Login_01" time="2.740" classname="dataproviders.DataProviderDemo3"/>
</testsuite> <!-- dataproviders.DataProviderDemo3 -->
