<?xml version="1.0" encoding="UTF-8"?>
<!-- Generated by org.testng.reporters.JUnitReportReporter -->
<testsuite skipped="0" hostname="FHLT0017" name="dataproviders.DataProviderEndtoEnd" tests="2" failures="0" timestamp="16 Sep 2019 06:33:28 GMT" time="0.002" errors="0">
  <testcase name="endToEndTest" time="0.001" classname="dataproviders.DataProviderEndtoEnd"/>
  <testcase name="endToEndTest2" time="0.001" classname="dataproviders.DataProviderEndtoEnd"/>
</testsuite> <!-- dataproviders.DataProviderEndtoEnd -->
