<?xml version="1.0" encoding="UTF-8"?>
<!-- Generated by org.testng.reporters.JUnitReportReporter -->
<testsuite skipped="0" hostname="FHLT0017" name="dataproviders.DataProviderExcelData2" tests="5" failures="0" timestamp="16 Sep 2019 07:12:18 GMT" time="0.014" errors="0">
  <testcase name="tc_Login_01" time="0.009" classname="dataproviders.DataProviderExcelData2"/>
  <testcase name="tc_Login_02" time="0.002" classname="dataproviders.DataProviderExcelData2"/>
  <testcase name="tc_Login_02" time="0.000" classname="dataproviders.DataProviderExcelData2"/>
  <testcase name="tc_Login_03" time="0.003" classname="dataproviders.DataProviderExcelData2"/>
  <testcase name="tc_Login_02" time="0.000" classname="dataproviders.DataProviderExcelData2"/>
</testsuite> <!-- dataproviders.DataProviderExcelData2 -->
