<?xml version="1.0" encoding="UTF-8"?>
<!-- Generated by org.testng.reporters.JUnitReportReporter -->
<testsuite skipped="0" hostname="FHLT0017" name="dataproviders.DataProviderExcelData6" tests="1" failures="0" timestamp="13 Sep 2019 05:41:49 GMT" time="16.936" errors="0">
  <testcase name="tc_Login_01" time="16.936" classname="dataproviders.DataProviderExcelData6"/>
</testsuite> <!-- dataproviders.DataProviderExcelData6 -->
