<?xml version="1.0" encoding="UTF-8"?>
<!-- Generated by org.testng.reporters.JUnitReportReporter -->
<testsuite skipped="0" hostname="FHLT0017" name="dataproviders.StaticDataProviderDemo2" tests="1" failures="0" timestamp="16 Sep 2019 06:05:11 GMT" time="14.802" errors="0">
  <testcase name="tc_Login_01" time="14.802" classname="dataproviders.StaticDataProviderDemo2"/>
</testsuite> <!-- dataproviders.StaticDataProviderDemo2 -->
