<?xml version="1.0" encoding="UTF-8"?>
<!-- Generated by org.testng.reporters.JUnitReportReporter -->
<testsuite skipped="0" hostname="FHLT0017" name="dataproviders.DataProviderObjectParameter3" tests="2" failures="0" timestamp="16 Sep 2019 07:03:39 GMT" time="12.945" errors="0">
  <testcase name="tc_Login_01" time="6.698" classname="dataproviders.DataProviderObjectParameter3"/>
  <testcase name="tc_Login_01" time="6.247" classname="dataproviders.DataProviderObjectParameter3"/>
</testsuite> <!-- dataproviders.DataProviderObjectParameter3 -->
