<?xml version="1.0" encoding="UTF-8"?>
<!-- Generated by org.testng.reporters.JUnitReportReporter -->
<testsuite skipped="0" hostname="FHLT0017" name="dataproviders.DataProviderExcelData4" tests="6" failures="0" timestamp="16 Sep 2019 07:21:01 GMT" time="98.839" errors="0">
  <testcase name="tc_Login" time="23.701" classname="dataproviders.DataProviderExcelData4"/>
  <testcase name="tc_CreateVendor" time="12.169" classname="dataproviders.DataProviderExcelData4"/>
  <testcase name="tc_CreateVendor" time="13.233" classname="dataproviders.DataProviderExcelData4"/>
  <testcase name="tc_CreateVendor" time="14.114" classname="dataproviders.DataProviderExcelData4"/>
  <testcase name="tc_CreateVendor" time="23.858" classname="dataproviders.DataProviderExcelData4"/>
  <testcase name="tc_CreateVendor" time="11.764" classname="dataproviders.DataProviderExcelData4"/>
</testsuite> <!-- dataproviders.DataProviderExcelData4 -->
