<?xml version="1.0" encoding="UTF-8"?>
<!-- Generated by org.testng.reporters.JUnitReportReporter -->
<testsuite skipped="0" hostname="FHLT0017" name="dataproviders.DataProviderExcelData5" tests="1" failures="0" timestamp="16 Sep 2019 07:38:43 GMT" time="19.055" errors="0">
  <testcase name="tc_Login_01" time="19.055" classname="dataproviders.DataProviderExcelData5"/>
</testsuite> <!-- dataproviders.DataProviderExcelData5 -->
