<?xml version="1.0" encoding="UTF-8"?>
<!-- Generated by org.testng.reporters.JUnitReportReporter -->
<testsuite skipped="0" hostname="FHLT0017" name="dataproviders.StaticDataProviderDemo3" tests="4" failures="0" timestamp="16 Sep 2019 06:07:18 GMT" time="25.037" errors="0">
  <testcase name="tc_Login_01" time="9.323" classname="dataproviders.StaticDataProviderDemo3"/>
  <testcase name="tc_Login_01" time="5.930" classname="dataproviders.StaticDataProviderDemo3"/>
  <testcase name="tc_Login_01" time="5.014" classname="dataproviders.StaticDataProviderDemo3"/>
  <testcase name="tc_Login_01" time="4.770" classname="dataproviders.StaticDataProviderDemo3"/>
</testsuite> <!-- dataproviders.StaticDataProviderDemo3 -->
