<?xml version="1.0" encoding="UTF-8"?>
<!-- Generated by org.testng.reporters.JUnitReportReporter -->
<testsuite skipped="0" hostname="FHLT0017" name="testsuite.ParameterTest" tests="3" failures="0" timestamp="04 Sep 2019 06:57:09 GMT" time="0.022" errors="0">
  <testcase name="prameterTestOne" time="0.016" classname="testsuite.ParameterTest"/>
  <testcase name="prameterTestTwo" time="0.003" classname="testsuite.ParameterTest"/>
  <testcase name="prameterTestThree" time="0.003" classname="testsuite.ParameterTest"/>
</testsuite> <!-- testsuite.ParameterTest -->
