<?xml version="1.0" encoding="UTF-8"?>
<!-- Generated by org.testng.reporters.JUnitReportReporter -->
<testsuite skipped="0" hostname="FHLT0017" name="testsuite.TestGroupsDemo3" tests="7" failures="0" timestamp="04 Sep 2019 06:44:07 GMT" time="0.027" errors="0">
  <testcase name="tc_Groups_04" time="0.011" classname="testsuite.TestGroupsDemo3"/>
  <testcase name="tc_Groups_02" time="0.000" classname="testsuite.TestGroupsDemo3"/>
  <testcase name="tc_Groups_06" time="0.000" classname="testsuite.TestGroupsDemo3"/>
  <testcase name="tc_Groups_07" time="0.001" classname="testsuite.TestGroupsDemo3"/>
  <testcase name="tc_Groups_03" time="0.000" classname="testsuite.TestGroupsDemo3"/>
  <testcase name="tc_Groups_01" time="0.014" classname="testsuite.TestGroupsDemo3"/>
  <testcase name="tc_Groups_05" time="0.001" classname="testsuite.TestGroupsDemo3"/>
</testsuite> <!-- testsuite.TestGroupsDemo3 -->
