<?xml version="1.0" encoding="UTF-8"?>
<!-- Generated by org.testng.reporters.JUnitReportReporter -->
<testsuite skipped="0" hostname="FHLT0017" name="dataproviders.StaticDataProviderDemo1" tests="2" failures="0" timestamp="16 Sep 2019 06:03:08 GMT" time="0.032" errors="0">
  <testcase name="client2Test" time="0.012" classname="dataproviders.StaticDataProviderDemo1"/>
  <testcase name="client1Test" time="0.020" classname="dataproviders.StaticDataProviderDemo1"/>
</testsuite> <!-- dataproviders.StaticDataProviderDemo1 -->
