<?xml version="1.0" encoding="UTF-8"?>
<!-- Generated by org.testng.reporters.JUnitReportReporter -->
<testsuite skipped="0" hostname="FHLT0017" name="dataproviders.DataProviderObjectParameter1" tests="2" failures="0" timestamp="16 Sep 2019 06:51:08 GMT" time="16.562" errors="0">
  <testcase name="tc_Login_01" time="6.861" classname="dataproviders.DataProviderObjectParameter1"/>
  <testcase name="tc_Login_01" time="9.701" classname="dataproviders.DataProviderObjectParameter1"/>
</testsuite> <!-- dataproviders.DataProviderObjectParameter1 -->
