<?xml version="1.0" encoding="UTF-8"?>
<!-- Generated by org.testng.reporters.JUnitReportReporter -->
<testsuite skipped="0" hostname="FHLT0017" name="testsuite.TestGroupsDemo2" tests="2" failures="0" timestamp="04 Sep 2019 06:39:00 GMT" time="0.012" errors="0">
  <testcase name="testMethodThree" time="0.001" classname="testsuite.TestGroupsDemo2"/>
  <testcase name="testMethodOne" time="0.011" classname="testsuite.TestGroupsDemo2"/>
</testsuite> <!-- testsuite.TestGroupsDemo2 -->
