<?xml version="1.0" encoding="UTF-8"?>
<!-- Generated by org.testng.reporters.JUnitReportReporter -->
<testsuite skipped="0" hostname="FHLT0017" name="dataproviders.DataProviderExcelData7" tests="6" failures="0" timestamp="16 Sep 2019 07:32:11 GMT" time="70.842" errors="0">
  <testcase name="tc_Login" time="24.554" classname="dataproviders.DataProviderExcelData7"/>
  <testcase name="tc_CreateVendor" time="8.753" classname="dataproviders.DataProviderExcelData7"/>
  <testcase name="tc_CreateVendor" time="8.387" classname="dataproviders.DataProviderExcelData7"/>
  <testcase name="tc_CreateVendor" time="7.663" classname="dataproviders.DataProviderExcelData7"/>
  <testcase name="tc_CreateVendor" time="12.049" classname="dataproviders.DataProviderExcelData7"/>
  <testcase name="tc_CreateVendor" time="9.436" classname="dataproviders.DataProviderExcelData7"/>
</testsuite> <!-- dataproviders.DataProviderExcelData7 -->
