<?xml version="1.0" encoding="UTF-8"?>
<!-- Generated by org.testng.reporters.JUnitReportReporter -->
<testsuite skipped="0" hostname="FHLT0017" name="dataproviders.DataProviderMethodParameter1" tests="4" failures="0" timestamp="16 Sep 2019 06:16:53 GMT" time="0.028" errors="0">
  <testcase name="scenario1" time="0.003" classname="dataproviders.DataProviderMethodParameter1"/>
  <testcase name="commonScenarios" time="0.020" classname="dataproviders.DataProviderMethodParameter1"/>
  <testcase name="scenario2" time="0.001" classname="dataproviders.DataProviderMethodParameter1"/>
  <testcase name="scenario1" time="0.004" classname="dataproviders.DataProviderMethodParameter1"/>
</testsuite> <!-- dataproviders.DataProviderMethodParameter1 -->
