<?xml version="1.0" encoding="UTF-8"?>
<!-- Generated by org.testng.reporters.JUnitReportReporter -->
<testsuite skipped="0" hostname="FHLT0017" name="dataproviders.DataProviderMethodParameter" tests="4" failures="0" timestamp="10 Sep 2019 12:56:44 GMT" time="0.021" errors="0">
  <testcase name="scenario1" time="0.000" classname="dataproviders.DataProviderMethodParameter"/>
  <testcase name="scenario1" time="0.021" classname="dataproviders.DataProviderMethodParameter"/>
  <testcase name="scenario2" time="0.000" classname="dataproviders.DataProviderMethodParameter"/>
  <testcase name="commonScenarios" time="0.000" classname="dataproviders.DataProviderMethodParameter"/>
</testsuite> <!-- dataproviders.DataProviderMethodParameter -->
