<?xml version="1.0" encoding="UTF-8"?>
<!-- Generated by org.testng.reporters.JUnitReportReporter -->
<testsuite skipped="0" hostname="FHLT0017" name="dataproviders.DataProviderObjectParameter2" tests="3" failures="0" timestamp="16 Sep 2019 06:55:41 GMT" time="20.754" errors="0">
  <testcase name="tc_Login_01" time="5.137" classname="dataproviders.DataProviderObjectParameter2"/>
  <testcase name="tc_Login_01" time="6.429" classname="dataproviders.DataProviderObjectParameter2"/>
  <testcase name="tc_Login_01" time="9.188" classname="dataproviders.DataProviderObjectParameter2"/>
</testsuite> <!-- dataproviders.DataProviderObjectParameter2 -->
