<?xml version="1.0" encoding="UTF-8"?>
<!-- Generated by org.testng.reporters.JUnitReportReporter -->
<testsuite skipped="0" hostname="FHLT0017" name="dataproviders.DataProviderDemo4" tests="4" failures="0" timestamp="16 Sep 2019 05:56:52 GMT" time="25.877" errors="0">
  <testcase name="tc_Login_01" time="7.171" classname="dataproviders.DataProviderDemo4"/>
  <testcase name="tc_Login_01" time="4.704" classname="dataproviders.DataProviderDemo4"/>
  <testcase name="tc_Login_01" time="4.871" classname="dataproviders.DataProviderDemo4"/>
  <testcase name="tc_Login_01" time="9.131" classname="dataproviders.DataProviderDemo4"/>
</testsuite> <!-- dataproviders.DataProviderDemo4 -->
