<?xml version="1.0" encoding="UTF-8"?>
<!-- Generated by org.testng.reporters.JUnitReportReporter -->
<testsuite skipped="0" hostname="FHLT0017" name="testsuite.ParallelMethodsTest" tests="2" failures="0" timestamp="04 Sep 2019 07:07:38 GMT" time="0.031" errors="0">
  <testcase name="tc_Parallel_02" time="0.013" classname="testsuite.ParallelMethodsTest"/>
  <testcase name="tc_Parallel_01" time="0.018" classname="testsuite.ParallelMethodsTest"/>
</testsuite> <!-- testsuite.ParallelMethodsTest -->
