<?xml version="1.0" encoding="UTF-8"?>
<!-- Generated by org.testng.reporters.JUnitReportReporter -->
<testsuite skipped="0" hostname="FHLT0017" name="testsuite.TestNGExample2" tests="2" failures="0" timestamp="04 Sep 2019 06:21:38 GMT" time="0.003" errors="0">
  <testcase name="update" time="0.003" classname="testsuite.TestNGExample2"/>
  <testcase name="create" time="0.000" classname="testsuite.TestNGExample2"/>
</testsuite> <!-- testsuite.TestNGExample2 -->
