<?xml version="1.0" encoding="UTF-8"?>
<!-- Generated by org.testng.reporters.JUnitReportReporter -->
<testsuite skipped="0" hostname="FHLT0017" name="testsuite.ListenerDemo" tests="3" failures="0" timestamp="10 Sep 2019 06:52:07 GMT" time="0.009" errors="0">
  <testcase name="tc_Login_02" time="0.000" classname="testsuite.ListenerDemo"/>
  <testcase name="tc_Login_03" time="0.001" classname="testsuite.ListenerDemo"/>
  <testcase name="tc_Login_01" time="0.008" classname="testsuite.ListenerDemo"/>
</testsuite> <!-- testsuite.ListenerDemo -->
