<?xml version="1.0" encoding="UTF-8"?>
<!-- Generated by org.testng.reporters.JUnitReportReporter -->
<testsuite skipped="0" hostname="FHLT0017" name="dataproviders.DataProviderMethodParameter2" tests="4" failures="0" timestamp="16 Sep 2019 06:22:27 GMT" time="30.505" errors="0">
  <testcase name="tc_Login_01" time="7.407" classname="dataproviders.DataProviderMethodParameter2"/>
  <testcase name="tc_Login_02" time="8.306" classname="dataproviders.DataProviderMethodParameter2"/>
  <testcase name="tc_Login_02" time="8.004" classname="dataproviders.DataProviderMethodParameter2"/>
  <testcase name="tc_Login_01" time="6.788" classname="dataproviders.DataProviderMethodParameter2"/>
</testsuite> <!-- dataproviders.DataProviderMethodParameter2 -->
