<?xml version="1.0" encoding="UTF-8"?>
<!-- Generated by org.testng.reporters.JUnitReportReporter -->
<testsuite skipped="0" hostname="FHLT0017" name="dataproviders.DataProviderExcelData8" tests="6" failures="0" timestamp="13 Sep 2019 08:02:46 GMT" time="60.679" errors="0">
  <testcase name="tc_Login" time="23.448" classname="dataproviders.DataProviderExcelData8"/>
  <testcase name="tc_CreateVendor" time="7.148" classname="dataproviders.DataProviderExcelData8"/>
  <testcase name="tc_CreateVendor" time="7.466" classname="dataproviders.DataProviderExcelData8"/>
  <testcase name="tc_CreateVendor" time="7.958" classname="dataproviders.DataProviderExcelData8"/>
  <testcase name="tc_CreateVendor" time="7.199" classname="dataproviders.DataProviderExcelData8"/>
  <testcase name="tc_CreateVendor" time="7.460" classname="dataproviders.DataProviderExcelData8"/>
</testsuite> <!-- dataproviders.DataProviderExcelData8 -->
