<?xml version="1.0" encoding="UTF-8"?>
<!-- Generated by org.testng.reporters.JUnitReportReporter -->
<testsuite skipped="0" hostname="FHLT0017" name="dataproviders.DataProviderSanity" tests="1" failures="0" timestamp="16 Sep 2019 06:33:28 GMT" time="0.018" errors="0">
  <testcase name="sanityTest" time="0.018" classname="dataproviders.DataProviderSanity"/>
</testsuite> <!-- dataproviders.DataProviderSanity -->
