<?xml version="1.0" encoding="UTF-8"?>
<!-- Generated by org.testng.reporters.JUnitReportReporter -->
<testsuite skipped="0" hostname="FHLT0017" name="dataproviders.DataProviderITestContext1" tests="3" failures="0" timestamp="16 Sep 2019 06:40:13 GMT" time="13.897" errors="0">
  <testcase name="tc_Login_02" time="6.928" classname="dataproviders.DataProviderITestContext1"/>
  <testcase name="tc_Login_01" time="0.030" classname="dataproviders.DataProviderITestContext1"/>
  <testcase name="tc_Login_02" time="6.939" classname="dataproviders.DataProviderITestContext1"/>
</testsuite> <!-- dataproviders.DataProviderITestContext1 -->
