<?xml version="1.0" encoding="UTF-8"?>
<!-- Generated by org.testng.reporters.JUnitReportReporter -->
<testsuite skipped="0" hostname="FHLT0017" name="dataproviders.StaticDataProviderDemo" tests="2" failures="0" timestamp="11 Sep 2019 05:13:35 GMT" time="0.042" errors="0">
  <testcase name="client1Test" time="0.026" classname="dataproviders.StaticDataProviderDemo"/>
  <testcase name="client2Test" time="0.016" classname="dataproviders.StaticDataProviderDemo"/>
</testsuite> <!-- dataproviders.StaticDataProviderDemo -->
