<?xml version="1.0" encoding="UTF-8"?>
<!-- Generated by org.testng.reporters.JUnitReportReporter -->
<testsuite skipped="0" hostname="FHLT0017" name="testsuite.AutomationDemo2" tests="2" failures="0" timestamp="04 Sep 2019 07:19:24 GMT" time="15.481" errors="0">
  <testcase name="tc_SignUp_02" time="2.338" classname="testsuite.AutomationDemo2"/>
  <testcase name="tc_SignUp_01" time="13.143" classname="testsuite.AutomationDemo2"/>
</testsuite> <!-- testsuite.AutomationDemo2 -->
