<?xml version="1.0" encoding="UTF-8"?>
<!-- Generated by org.testng.reporters.JUnitReportReporter -->
<testsuite skipped="0" hostname="FHLT0017" name="testsuite.TestGroupsDemo1" tests="1" failures="0" timestamp="04 Sep 2019 06:35:13 GMT" time="0.010" errors="0">
  <testcase name="testMethodTwo" time="0.010" classname="testsuite.TestGroupsDemo1"/>
</testsuite> <!-- testsuite.TestGroupsDemo1 -->
