<?xml version="1.0" encoding="UTF-8"?>
<!-- Generated by org.testng.reporters.JUnitReportReporter -->
<testsuite skipped="0" hostname="FHLT0017" name="dataproviders.DataProviderExcelData1" tests="2" failures="0" timestamp="16 Sep 2019 07:08:26 GMT" time="0.010" errors="0">
  <testcase name="verifyExcelData" time="0.009" classname="dataproviders.DataProviderExcelData1"/>
  <testcase name="verifyExcelData" time="0.001" classname="dataproviders.DataProviderExcelData1"/>
</testsuite> <!-- dataproviders.DataProviderExcelData1 -->
