<?xml version="1.0" encoding="UTF-8"?>
<!-- Generated by org.testng.reporters.JUnitReportReporter -->
<testsuite skipped="0" hostname="FHLT0017" name="dataproviders.DataProviderITestContext2" tests="3" failures="0" timestamp="16 Sep 2019 06:40:13 GMT" time="21.063" errors="0">
  <testcase name="tc_SignUp_01" time="3.914" classname="dataproviders.DataProviderITestContext2"/>
  <testcase name="tc_SignUp_02" time="9.489" classname="dataproviders.DataProviderITestContext2"/>
  <testcase name="tc_SignUp_02" time="7.660" classname="dataproviders.DataProviderITestContext2"/>
</testsuite> <!-- dataproviders.DataProviderITestContext2 -->
