<?xml version="1.0" encoding="UTF-8"?>
<!-- Generated by org.testng.reporters.JUnitReportReporter -->
<testsuite skipped="0" hostname="FHLT0017" name="dataproviders.DataProviderExcelData3" tests="2" failures="0" timestamp="16 Sep 2019 07:14:42 GMT" time="15.288" errors="0">
  <testcase name="tc_Login_01" time="7.427" classname="dataproviders.DataProviderExcelData3"/>
  <testcase name="tc_Login_01" time="7.861" classname="dataproviders.DataProviderExcelData3"/>
</testsuite> <!-- dataproviders.DataProviderExcelData3 -->
