<?xml version="1.0" encoding="UTF-8"?>
<!-- Generated by org.testng.reporters.JUnitReportReporter -->
<testsuite skipped="0" hostname="FHLT0017" name="dataproviders.DataProviderDemo1" tests="3" failures="0" timestamp="16 Sep 2019 05:46:17 GMT" time="0.033" errors="0">
  <testcase name="instanceDataProvider" time="0.017" classname="dataproviders.DataProviderDemo1"/>
  <testcase name="instanceDataProvider" time="0.016" classname="dataproviders.DataProviderDemo1"/>
  <testcase name="instanceDataProvider" time="0.000" classname="dataproviders.DataProviderDemo1"/>
</testsuite> <!-- dataproviders.DataProviderDemo1 -->
