<?xml version="1.0" encoding="UTF-8"?>
<!-- Generated by org.testng.reporters.JUnitReportReporter -->
<testsuite skipped="0" hostname="FHLT0017" name="testsuite.AutomationDemo1" tests="2" failures="0" timestamp="04 Sep 2019 07:16:43 GMT" time="0.419" errors="0">
  <testcase name="tc_Login_01" time="0.045" classname="testsuite.AutomationDemo1"/>
  <testcase name="tc_Login_02" time="0.374" classname="testsuite.AutomationDemo1"/>
</testsuite> <!-- testsuite.AutomationDemo1 -->
