<?xml version="1.0" encoding="UTF-8"?>
<!-- Generated by org.testng.reporters.JUnitReportReporter -->
<testsuite skipped="0" hostname="FHLT0017" name="dataproviders.DataProviderEmployee" tests="2" failures="0" timestamp="16 Sep 2019 06:47:41 GMT" time="0.016" errors="0">
  <testcase name="empTest" time="0.001" classname="dataproviders.DataProviderEmployee"/>
  <testcase name="empTest" time="0.015" classname="dataproviders.DataProviderEmployee"/>
</testsuite> <!-- dataproviders.DataProviderEmployee -->
