<?xml version="1.0" encoding="UTF-8"?>
<!-- Generated by org.testng.reporters.JUnitReportReporter -->
<testsuite skipped="0" hostname="FHLT0017" name="dataproviders.DataProviderRegression" tests="1" failures="0" timestamp="16 Sep 2019 06:33:28 GMT" time="0.004" errors="0">
  <testcase name="regressionTest" time="0.004" classname="dataproviders.DataProviderRegression"/>
</testsuite> <!-- dataproviders.DataProviderRegression -->
