<?xml version="1.0" encoding="UTF-8"?>
<!-- Generated by org.testng.reporters.JUnitReportReporter -->
<testsuite skipped="0" hostname="FHLT0017" name="testsuite.ParallelSuiteTest" tests="2" failures="0" timestamp="04 Sep 2019 07:08:30 GMT" time="0.018" errors="0">
  <testcase name="tc_Parallel_01" time="0.010" classname="testsuite.ParallelSuiteTest"/>
  <testcase name="tc_Parallel_01" time="0.008" classname="testsuite.ParallelSuiteTest"/>
</testsuite> <!-- testsuite.ParallelSuiteTest -->
