<?xml version="1.0" encoding="UTF-8"?>
<!-- Generated by org.testng.reporters.JUnitReportReporter -->
<testsuite skipped="0" hostname="FHLT0017" name="testsuite.OptionalParamTest" tests="2" failures="0" timestamp="04 Sep 2019 07:02:38 GMT" time="0.012" errors="0">
  <testcase name="optionalTest" time="0.002" classname="testsuite.OptionalParamTest"/>
  <testcase name="optionalTest" time="0.010" classname="testsuite.OptionalParamTest"/>
</testsuite> <!-- testsuite.OptionalParamTest -->
