<?xml version="1.0" encoding="UTF-8"?>
<!-- Generated by org.testng.reporters.JUnitReportReporter -->
<testsuite skipped="0" hostname="FHLT0017" name="testsuite.AutomationDemo3" tests="2" failures="0" timestamp="04 Sep 2019 07:28:36 GMT" time="16.054" errors="0">
  <testcase name="tc_Login_01" time="10.547" classname="testsuite.AutomationDemo3"/>
  <testcase name="tc_Login_01" time="5.507" classname="testsuite.AutomationDemo3"/>
</testsuite> <!-- testsuite.AutomationDemo3 -->
