<?xml version="1.0" encoding="UTF-8"?>
<!-- Generated by org.testng.reporters.JUnitReportReporter -->
<testsuite skipped="0" hostname="FHLT0017" name="dataproviders.DataProviderObjectParameter" tests="2" failures="0" timestamp="12 Sep 2019 04:18:57 GMT" time="12.730" errors="0">
  <testcase name="tc_Login_01" time="6.530" classname="dataproviders.DataProviderObjectParameter"/>
  <testcase name="tc_Login_01" time="6.200" classname="dataproviders.DataProviderObjectParameter"/>
</testsuite> <!-- dataproviders.DataProviderObjectParameter -->
