<?xml version="1.0" encoding="UTF-8"?>
<!-- Generated by org.testng.reporters.JUnitReportReporter -->
<testsuite skipped="0" hostname="FHLT0017" name="testsuite.TestNGExample1" tests="3" failures="0" timestamp="04 Sep 2019 07:07:38 GMT" time="0.019" errors="0">
  <testcase name="login" time="0.015" classname="testsuite.TestNGExample1"/>
  <testcase name="dashboard" time="0.002" classname="testsuite.TestNGExample1"/>
  <testcase name="search" time="0.002" classname="testsuite.TestNGExample1"/>
</testsuite> <!-- testsuite.TestNGExample1 -->
