<?xml version="1.0" encoding="UTF-8"?>
<!-- Generated by org.testng.reporters.JUnitReportReporter -->
<testsuite hostname="XHLT0037" name="basics.ZohoScreen" tests="1" failures="0" timestamp="1 Jul 2016 05:17:11 GMT" time="17.737" errors="0">
  <testcase name="getScreenshot" time="17.737" classname="basics.ZohoScreen"/>
</testsuite> <!-- basics.ZohoScreen -->
