<?xml version="1.0" encoding="UTF-8"?>
<!-- Generated by org.testng.reporters.JUnitReportReporter -->
<testsuite hostname="XHLT0037" name="collectionstest.Login" tests="1" failures="0" timestamp="1 Mar 2016 08:56:35 GMT" time="1.740" errors="0">
  <testcase name="login_01" time="1.740" classname="collectionstest.Login"/>
</testsuite> <!-- collectionstest.Login -->
