<?xml version="1.0" encoding="UTF-8"?>
<!-- Generated by org.testng.reporters.JUnitReportReporter -->
<testsuite hostname="XHLT0037" name="collectionstest.SampleTests" tests="1" failures="0" timestamp="29 Feb 2016 10:40:37 GMT" time="3.856" errors="0">
  <testcase name="login_01" time="3.856" classname="collectionstest.SampleTests"/>
</testsuite> <!-- collectionstest.SampleTests -->
