<?xml version="1.0" encoding="UTF-8"?>
<!-- Generated by org.testng.reporters.JUnitReportReporter -->
<testsuite hostname="XHLT0037" name="Login" tests="1" failures="0" timestamp="4 Mar 2016 10:20:23 GMT" time="0.007" errors="0">
  <testcase name="testLogin" time="0.007" classname="Login"/>
</testsuite> <!-- Login -->
