<?xml version="1.0" encoding="UTF-8"?>
<!-- Generated by org.testng.reporters.JUnitReportReporter -->
<testsuite hostname="XHLT0037" name="Login" tests="1" failures="0" timestamp="3 Feb 2016 07:53:57 GMT" time="0.026" errors="0">
  <testcase name="testLogin" time="0.026" classname="Login"/>
</testsuite> <!-- Login -->
