<?xml version="1.0" encoding="UTF-8"?>
<!-- Generated by org.testng.reporters.JUnitReportReporter -->
<testsuite hostname="FHLT0017" name="dataproviders.DataProviderParametersEmployee" tests="2" failures="0" timestamp="22 May 2019 11:38:37 GMT" time="0.032" errors="0">
  <testcase name="empTest" time="0.016" classname="dataproviders.DataProviderParametersEmployee"/>
  <testcase name="empTest" time="0.016" classname="dataproviders.DataProviderParametersEmployee"/>
</testsuite> <!-- dataproviders.DataProviderParametersEmployee -->
