<?xml version="1.0" encoding="UTF-8"?>
<!-- Generated by org.testng.reporters.JUnitReportReporter -->
<testsuite hostname="FHLT0017" name="dataproviders.DataProviderParametersAcceptance" tests="1" failures="0" timestamp="22 May 2019 11:52:43 GMT" time="0.001" errors="0">
  <testcase name="acceptanceTest" time="0.001" classname="dataproviders.DataProviderParametersAcceptance"/>
</testsuite> <!-- dataproviders.DataProviderParametersAcceptance -->
